2024-11-13 15:42:29.004 [info] [main] Log level: Info
2024-11-13 15:42:29.004 [info] [main] Validating found git in: "git"
2024-11-13 15:42:29.004 [info] [main] Using git "1.8.3.1" from "git"
2024-11-13 15:42:29.004 [info] [Model][doInitialScan] Initial repository scan started
2024-11-13 15:42:29.004 [info] > git rev-parse --show-toplevel [2ms]
2024-11-13 15:42:29.004 [info] fatal: Not a git repository (or any of the parent directories): .git
2024-11-13 15:42:29.004 [info] > git rev-parse --show-toplevel [2ms]
2024-11-13 15:42:29.004 [info] fatal: Not a git repository (or any of the parent directories): .git
2024-11-13 15:42:29.273 [info] > git rev-parse --show-toplevel [1ms]
2024-11-13 15:42:29.273 [info] fatal: Not a git repository (or any of the parent directories): .git
2024-11-13 15:42:29.277 [info] > git rev-parse --show-toplevel [1ms]
2024-11-13 15:42:29.277 [info] fatal: Not a git repository (or any of the parent directories): .git
2024-11-13 15:42:29.280 [info] > git rev-parse --show-toplevel [1ms]
2024-11-13 15:42:29.280 [info] fatal: Not a git repository (or any of the parent directories): .git
2024-11-13 15:42:29.283 [info] > git rev-parse --show-toplevel [1ms]
2024-11-13 15:42:29.283 [info] fatal: Not a git repository (or any of the parent directories): .git
2024-11-13 15:42:29.285 [info] > git rev-parse --show-toplevel [1ms]
2024-11-13 15:42:29.285 [info] fatal: Not a git repository (or any of the parent directories): .git
2024-11-13 15:42:29.288 [info] > git rev-parse --show-toplevel [0ms]
2024-11-13 15:42:29.288 [info] fatal: Not a git repository (or any of the parent directories): .git
2024-11-13 15:42:29.291 [info] > git rev-parse --show-toplevel [2ms]
2024-11-13 15:42:29.291 [info] fatal: Not a git repository (or any of the parent directories): .git
2024-11-13 15:42:29.570 [info] [Model][doInitialScan] Initial repository scan completed - repositories (0), closed repositories (0), parent repositories (0), unsafe repositories (0)
2024-11-13 15:44:30.959 [info] > git rev-parse --show-toplevel [13ms]
2024-11-13 15:44:30.959 [info] fatal: Not a git repository (or any of the parent directories): .git
2024-11-13 15:44:30.962 [info] > git rev-parse --show-toplevel [1ms]
2024-11-13 15:44:30.962 [info] fatal: Not a git repository (or any of the parent directories): .git
2024-11-13 15:44:32.751 [info] > git rev-parse --show-toplevel [15ms]
2024-11-13 15:44:32.751 [info] fatal: Not a git repository (or any of the parent directories): .git
2024-11-13 15:44:33.986 [info] > git rev-parse --show-toplevel [1ms]
2024-11-13 15:44:33.986 [info] fatal: Not a git repository (or any of the parent directories): .git
2024-11-13 15:44:35.730 [info] > git rev-parse --show-toplevel [9ms]
2024-11-13 15:44:35.730 [info] fatal: Not a git repository (or any of the parent directories): .git
2024-11-13 15:44:40.421 [info] > git rev-parse --show-toplevel [11ms]
2024-11-13 15:44:40.421 [info] fatal: Not a git repository (or any of the parent directories): .git
2024-11-13 15:44:43.323 [info] > git rev-parse --show-toplevel [0ms]
2024-11-13 15:44:43.323 [info] fatal: Not a git repository (or any of the parent directories): .git
2024-11-13 15:44:48.178 [info] > git rev-parse --show-toplevel [17ms]
2024-11-13 15:44:48.178 [info] fatal: Not a git repository (or any of the parent directories): .git
2024-11-13 15:44:48.253 [info] > git rev-parse --show-toplevel [0ms]
2024-11-13 15:44:48.253 [info] fatal: Not a git repository (or any of the parent directories): .git
2024-11-13 15:46:44.230 [info] > git rev-parse --show-toplevel [1ms]
2024-11-13 15:46:44.230 [info] fatal: Not a git repository (or any of the parent directories): .git
2024-11-13 15:51:54.910 [info] > git rev-parse --show-toplevel [0ms]
2024-11-13 15:51:54.910 [info] fatal: Not a git repository (or any of the parent directories): .git
2024-11-13 15:52:00.392 [info] > git rev-parse --show-toplevel [2ms]
2024-11-13 15:52:00.392 [info] fatal: Not a git repository (or any of the parent directories): .git
2024-11-13 15:53:45.425 [info] > git rev-parse --show-toplevel [1ms]
2024-11-13 15:53:45.425 [info] fatal: Not a git repository (or any of the parent directories): .git
2024-11-13 15:54:05.098 [info] > git rev-parse --show-toplevel [1ms]
2024-11-13 15:54:05.098 [info] fatal: Not a git repository (or any of the parent directories): .git
2024-11-13 15:54:13.674 [info] > git rev-parse --show-toplevel [1ms]
2024-11-13 15:54:13.674 [info] fatal: Not a git repository (or any of the parent directories): .git
2024-11-13 15:56:27.493 [info] > git rev-parse --show-toplevel [1ms]
2024-11-13 15:56:27.493 [info] fatal: Not a git repository (or any of the parent directories): .git
2024-11-13 15:56:41.444 [info] > git rev-parse --show-toplevel [1ms]
2024-11-13 15:56:41.444 [info] fatal: Not a git repository (or any of the parent directories): .git
2024-11-13 15:58:21.888 [info] > git rev-parse --show-toplevel [1ms]
2024-11-13 15:58:21.888 [info] fatal: Not a git repository (or any of the parent directories): .git
2024-11-13 15:59:56.055 [info] > git rev-parse --show-toplevel [1ms]
2024-11-13 15:59:56.055 [info] fatal: Not a git repository (or any of the parent directories): .git
2024-11-13 16:01:55.673 [info] > git rev-parse --show-toplevel [1ms]
2024-11-13 16:01:55.715 [info] fatal: Not a git repository (or any of the parent directories): .git
2024-11-13 16:01:57.019 [info] > git rev-parse --show-toplevel [1ms]
2024-11-13 16:01:57.019 [info] fatal: Not a git repository (or any of the parent directories): .git
2024-11-13 16:02:10.341 [info] > git rev-parse --show-toplevel [43ms]
2024-11-13 16:02:10.341 [info] fatal: Not a git repository (or any of the parent directories): .git
2024-11-13 16:09:35.425 [info] > git rev-parse --show-toplevel [1ms]
2024-11-13 16:09:35.425 [info] fatal: Not a git repository (or any of the parent directories): .git
2024-11-13 16:09:40.486 [info] > git rev-parse --show-toplevel [1ms]
2024-11-13 16:09:40.486 [info] fatal: Not a git repository (or any of the parent directories): .git
2024-11-13 16:09:41.898 [info] > git rev-parse --show-toplevel [1ms]
2024-11-13 16:09:41.898 [info] fatal: Not a git repository (or any of the parent directories): .git
2024-11-13 16:09:43.842 [info] > git rev-parse --show-toplevel [1ms]
2024-11-13 16:09:43.842 [info] fatal: Not a git repository (or any of the parent directories): .git
2024-11-13 16:09:45.103 [info] > git rev-parse --show-toplevel [0ms]
2024-11-13 16:09:45.103 [info] fatal: Not a git repository (or any of the parent directories): .git
2024-11-13 16:09:48.696 [info] > git rev-parse --show-toplevel [3ms]
2024-11-13 16:09:48.696 [info] fatal: Not a git repository (or any of the parent directories): .git
2024-11-13 16:09:49.777 [info] > git rev-parse --show-toplevel [1ms]
2024-11-13 16:09:49.777 [info] fatal: Not a git repository (or any of the parent directories): .git
2024-11-13 16:09:54.337 [info] > git rev-parse --show-toplevel [1ms]
2024-11-13 16:09:54.337 [info] fatal: Not a git repository (or any of the parent directories): .git
2024-11-13 16:10:03.260 [info] > git rev-parse --show-toplevel [2ms]
2024-11-13 16:10:03.260 [info] fatal: Not a git repository (or any of the parent directories): .git
2024-11-13 16:10:04.424 [info] > git rev-parse --show-toplevel [2ms]
2024-11-13 16:10:04.424 [info] fatal: Not a git repository (or any of the parent directories): .git
2024-11-13 16:36:25.103 [info] > git rev-parse --show-toplevel [1ms]
2024-11-13 16:36:25.103 [info] fatal: Not a git repository (or any of the parent directories): .git
