2024-11-13 13:03:41.399 [info] [main] Log level: Info
2024-11-13 13:03:41.399 [info] [main] Validating found git in: "git"
2024-11-13 13:03:41.399 [info] [main] Using git "1.8.3.1" from "git"
2024-11-13 13:03:41.399 [info] [Model][doInitialScan] Initial repository scan started
2024-11-13 13:03:41.399 [info] > git rev-parse --show-toplevel [27ms]
2024-11-13 13:03:41.399 [info] fatal: Not a git repository (or any of the parent directories): .git
2024-11-13 13:03:41.401 [info] > git rev-parse --show-toplevel [6ms]
2024-11-13 13:03:41.401 [info] fatal: Not a git repository (or any of the parent directories): .git
2024-11-13 13:03:41.404 [info] > git rev-parse --show-toplevel [1ms]
2024-11-13 13:03:41.404 [info] fatal: Not a git repository (or any of the parent directories): .git
2024-11-13 13:03:41.407 [info] > git rev-parse --show-toplevel [1ms]
2024-11-13 13:03:41.407 [info] fatal: Not a git repository (or any of the parent directories): .git
2024-11-13 13:03:41.431 [info] > git rev-parse --show-toplevel [22ms]
2024-11-13 13:03:41.431 [info] fatal: Not a git repository (or any of the parent directories): .git
2024-11-13 13:03:41.433 [info] > git rev-parse --show-toplevel [1ms]
2024-11-13 13:03:41.433 [info] fatal: Not a git repository (or any of the parent directories): .git
2024-11-13 13:03:41.436 [info] > git rev-parse --show-toplevel [1ms]
2024-11-13 13:03:41.436 [info] fatal: Not a git repository (or any of the parent directories): .git
2024-11-13 13:03:41.439 [info] [Model][doInitialScan] Initial repository scan completed - repositories (0), closed repositories (0), parent repositories (0), unsafe repositories (0)
2024-11-13 13:03:41.980 [info] > git rev-parse --show-toplevel [1ms]
2024-11-13 13:03:41.980 [info] fatal: Not a git repository (or any of the parent directories): .git
2024-11-13 13:03:43.731 [info] > git rev-parse --show-toplevel [1ms]
2024-11-13 13:03:43.731 [info] fatal: Not a git repository (or any of the parent directories): .git
2024-11-13 13:08:47.111 [info] > git rev-parse --show-toplevel [1ms]
2024-11-13 13:08:47.111 [info] fatal: Not a git repository (or any of the parent directories): .git
2024-11-13 13:09:55.531 [info] > git rev-parse --show-toplevel [0ms]
2024-11-13 13:09:55.531 [info] fatal: Not a git repository (or any of the parent directories): .git
2024-11-13 13:10:00.951 [info] > git rev-parse --show-toplevel [1ms]
2024-11-13 13:10:00.951 [info] fatal: Not a git repository (or any of the parent directories): .git
2024-11-13 13:10:04.915 [info] > git rev-parse --show-toplevel [1ms]
2024-11-13 13:10:04.915 [info] fatal: Not a git repository (or any of the parent directories): .git
2024-11-13 13:11:53.946 [info] > git rev-parse --show-toplevel [2ms]
2024-11-13 13:11:53.946 [info] fatal: Not a git repository (or any of the parent directories): .git
2024-11-13 13:15:23.503 [info] > git rev-parse --show-toplevel [1ms]
2024-11-13 13:15:23.503 [info] fatal: Not a git repository (or any of the parent directories): .git
2024-11-13 13:15:47.683 [info] > git rev-parse --show-toplevel [1ms]
2024-11-13 13:15:47.683 [info] fatal: Not a git repository (or any of the parent directories): .git
2024-11-13 13:15:48.606 [info] > git rev-parse --show-toplevel [1ms]
2024-11-13 13:15:48.606 [info] fatal: Not a git repository (or any of the parent directories): .git
2024-11-13 13:15:50.237 [info] > git rev-parse --show-toplevel [1ms]
2024-11-13 13:15:50.237 [info] fatal: Not a git repository (or any of the parent directories): .git
2024-11-13 13:17:14.616 [info] > git rev-parse --show-toplevel [13ms]
2024-11-13 13:17:14.616 [info] fatal: Not a git repository (or any of the parent directories): .git
2024-11-13 13:17:21.052 [info] > git rev-parse --show-toplevel [13ms]
2024-11-13 13:17:21.052 [info] fatal: Not a git repository (or any of the parent directories): .git
2024-11-13 13:17:22.532 [info] > git rev-parse --show-toplevel [1ms]
2024-11-13 13:17:22.532 [info] fatal: Not a git repository (or any of the parent directories): .git
2024-11-13 13:17:23.863 [info] > git rev-parse --show-toplevel [1ms]
2024-11-13 13:17:23.863 [info] fatal: Not a git repository (or any of the parent directories): .git
2024-11-13 13:17:24.838 [info] > git rev-parse --show-toplevel [1ms]
2024-11-13 13:17:24.838 [info] fatal: Not a git repository (or any of the parent directories): .git
2024-11-13 13:17:26.428 [info] > git rev-parse --show-toplevel [1ms]
2024-11-13 13:17:26.428 [info] fatal: Not a git repository (or any of the parent directories): .git
2024-11-13 13:17:27.685 [info] > git rev-parse --show-toplevel [1ms]
2024-11-13 13:17:27.685 [info] fatal: Not a git repository (or any of the parent directories): .git
2024-11-13 13:17:28.747 [info] > git rev-parse --show-toplevel [1ms]
2024-11-13 13:17:28.747 [info] fatal: Not a git repository (or any of the parent directories): .git
2024-11-13 13:17:29.606 [info] > git rev-parse --show-toplevel [1ms]
2024-11-13 13:17:29.606 [info] fatal: Not a git repository (or any of the parent directories): .git
2024-11-13 13:17:30.696 [info] > git rev-parse --show-toplevel [1ms]
2024-11-13 13:17:30.696 [info] fatal: Not a git repository (or any of the parent directories): .git
2024-11-13 13:18:33.831 [info] > git rev-parse --show-toplevel [1ms]
2024-11-13 13:18:33.831 [info] fatal: Not a git repository (or any of the parent directories): .git
2024-11-13 13:19:00.710 [info] > git rev-parse --show-toplevel [1ms]
2024-11-13 13:19:00.710 [info] fatal: Not a git repository (or any of the parent directories): .git
2024-11-13 13:19:24.775 [info] > git rev-parse --show-toplevel [1ms]
2024-11-13 13:19:24.775 [info] fatal: Not a git repository (or any of the parent directories): .git
2024-11-13 13:19:25.779 [info] > git rev-parse --show-toplevel [1ms]
2024-11-13 13:19:25.779 [info] fatal: Not a git repository (or any of the parent directories): .git
2024-11-13 15:16:30.638 [info] > git rev-parse --show-toplevel [0ms]
2024-11-13 15:16:30.641 [info] fatal: Not a git repository (or any of the parent directories): .git
