2024-11-13 13:03:40.657 [info] Extension host with pid 8176 started
2024-11-13 13:03:40.672 [info] Lock '/home/eda240546_submission/.vscode-server/data/User/workspaceStorage/f5cccf536cc0e76853b4f88e3372daf8/vscode.lock': Lock acquired.
2024-11-13 13:03:40.819 [info] ExtensionService#_doActivateExtension vscode.git-base, startup: false, activationEvent: '*', root cause: vscode.git
2024-11-13 13:03:41.132 [info] ExtensionService#_doActivateExtension vscode.git, startup: false, activationEvent: '*'
2024-11-13 13:03:41.132 [info] ExtensionService#_doActivateExtension vscode.github, startup: false, activationEvent: '*'
2024-11-13 13:03:41.360 [info] Eager extensions activated
2024-11-13 13:03:41.361 [info] ExtensionService#_doActivateExtension vscode.debug-auto-launch, startup: false, activationEvent: 'onStartupFinished'
2024-11-13 13:03:41.361 [info] ExtensionService#_doActivateExtension vscode.merge-conflict, startup: false, activationEvent: 'onStartupFinished'
2024-11-13 13:03:43.704 [info] ExtensionService#_doActivateExtension vscode.emmet, startup: false, activationEvent: 'onLanguage'
2024-11-13 15:47:05.323 [info] Extension host terminating: renderer disconnected for too long (2)
2024-11-13 15:47:05.325 [info] Lock '/home/eda240546_submission/.vscode-server/data/User/workspaceStorage/f5cccf536cc0e76853b4f88e3372daf8/vscode.lock': Marking the lockfile as scheduled to be released in 6000 ms.
2024-11-13 15:47:05.350 [error] Canceled: Canceled
	at Pc (file:///home/eda240546_submission/.vscode-server/cli/servers/Stable-e8653663e8840adaf45af01eab5c627a5af81807/server/out/vs/workbench/api/node/extensionHostProcess.js:7:1122)
	at file:///home/eda240546_submission/.vscode-server/cli/servers/Stable-e8653663e8840adaf45af01eab5c627a5af81807/server/out/vs/workbench/api/node/extensionHostProcess.js:31:152517
	at Array.forEach (<anonymous>)
	at py.dispose (file:///home/eda240546_submission/.vscode-server/cli/servers/Stable-e8653663e8840adaf45af01eab5c627a5af81807/server/out/vs/workbench/api/node/extensionHostProcess.js:31:152457)
	at _z.terminate (file:///home/eda240546_submission/.vscode-server/cli/servers/Stable-e8653663e8840adaf45af01eab5c627a5af81807/server/out/vs/workbench/api/node/extensionHostProcess.js:118:10082)
	at xC.terminate (file:///home/eda240546_submission/.vscode-server/cli/servers/Stable-e8653663e8840adaf45af01eab5c627a5af81807/server/out/vs/workbench/api/node/extensionHostProcess.js:119:1424)
	at Zi (file:///home/eda240546_submission/.vscode-server/cli/servers/Stable-e8653663e8840adaf45af01eab5c627a5af81807/server/out/vs/workbench/api/node/extensionHostProcess.js:174:15063)
	at c5.a (file:///home/eda240546_submission/.vscode-server/cli/servers/Stable-e8653663e8840adaf45af01eab5c627a5af81807/server/out/vs/workbench/api/node/extensionHostProcess.js:174:11976)
	at c5.h (file:///home/eda240546_submission/.vscode-server/cli/servers/Stable-e8653663e8840adaf45af01eab5c627a5af81807/server/out/vs/workbench/api/node/extensionHostProcess.js:30:75682)
	at listOnTimeout (node:internal/timers:581:17)
	at process.processTimers (node:internal/timers:519:7) setContext undefined
2024-11-13 15:47:05.350 [error] Canceled: Canceled
	at Pc (file:///home/eda240546_submission/.vscode-server/cli/servers/Stable-e8653663e8840adaf45af01eab5c627a5af81807/server/out/vs/workbench/api/node/extensionHostProcess.js:7:1122)
	at file:///home/eda240546_submission/.vscode-server/cli/servers/Stable-e8653663e8840adaf45af01eab5c627a5af81807/server/out/vs/workbench/api/node/extensionHostProcess.js:31:152517
	at Array.forEach (<anonymous>)
	at py.dispose (file:///home/eda240546_submission/.vscode-server/cli/servers/Stable-e8653663e8840adaf45af01eab5c627a5af81807/server/out/vs/workbench/api/node/extensionHostProcess.js:31:152457)
	at _z.terminate (file:///home/eda240546_submission/.vscode-server/cli/servers/Stable-e8653663e8840adaf45af01eab5c627a5af81807/server/out/vs/workbench/api/node/extensionHostProcess.js:118:10082)
	at xC.terminate (file:///home/eda240546_submission/.vscode-server/cli/servers/Stable-e8653663e8840adaf45af01eab5c627a5af81807/server/out/vs/workbench/api/node/extensionHostProcess.js:119:1424)
	at Zi (file:///home/eda240546_submission/.vscode-server/cli/servers/Stable-e8653663e8840adaf45af01eab5c627a5af81807/server/out/vs/workbench/api/node/extensionHostProcess.js:174:15063)
	at c5.a (file:///home/eda240546_submission/.vscode-server/cli/servers/Stable-e8653663e8840adaf45af01eab5c627a5af81807/server/out/vs/workbench/api/node/extensionHostProcess.js:174:11976)
	at c5.h (file:///home/eda240546_submission/.vscode-server/cli/servers/Stable-e8653663e8840adaf45af01eab5c627a5af81807/server/out/vs/workbench/api/node/extensionHostProcess.js:30:75682)
	at listOnTimeout (node:internal/timers:581:17)
	at process.processTimers (node:internal/timers:519:7) setContext undefined
2024-11-13 15:47:05.350 [error] Canceled: Canceled
	at Pc (file:///home/eda240546_submission/.vscode-server/cli/servers/Stable-e8653663e8840adaf45af01eab5c627a5af81807/server/out/vs/workbench/api/node/extensionHostProcess.js:7:1122)
	at file:///home/eda240546_submission/.vscode-server/cli/servers/Stable-e8653663e8840adaf45af01eab5c627a5af81807/server/out/vs/workbench/api/node/extensionHostProcess.js:31:152517
	at Array.forEach (<anonymous>)
	at py.dispose (file:///home/eda240546_submission/.vscode-server/cli/servers/Stable-e8653663e8840adaf45af01eab5c627a5af81807/server/out/vs/workbench/api/node/extensionHostProcess.js:31:152457)
	at _z.terminate (file:///home/eda240546_submission/.vscode-server/cli/servers/Stable-e8653663e8840adaf45af01eab5c627a5af81807/server/out/vs/workbench/api/node/extensionHostProcess.js:118:10082)
	at xC.terminate (file:///home/eda240546_submission/.vscode-server/cli/servers/Stable-e8653663e8840adaf45af01eab5c627a5af81807/server/out/vs/workbench/api/node/extensionHostProcess.js:119:1424)
	at Zi (file:///home/eda240546_submission/.vscode-server/cli/servers/Stable-e8653663e8840adaf45af01eab5c627a5af81807/server/out/vs/workbench/api/node/extensionHostProcess.js:174:15063)
	at c5.a (file:///home/eda240546_submission/.vscode-server/cli/servers/Stable-e8653663e8840adaf45af01eab5c627a5af81807/server/out/vs/workbench/api/node/extensionHostProcess.js:174:11976)
	at c5.h (file:///home/eda240546_submission/.vscode-server/cli/servers/Stable-e8653663e8840adaf45af01eab5c627a5af81807/server/out/vs/workbench/api/node/extensionHostProcess.js:30:75682)
	at listOnTimeout (node:internal/timers:581:17)
	at process.processTimers (node:internal/timers:519:7) setContext undefined
2024-11-13 15:47:05.350 [info] Extension host with pid 8176 exiting with code 0
